<?xml version="1.0" encoding="UTF-8"?>
<!-- Generated by org.testng.reporters.JUnitReportReporter -->
<testsuite hostname="DESKTOP-9NL11TP" failures="0" tests="6" name="pages.Contact" time="3.285" errors="0" timestamp="2022-01-08T20:35:17 AEDT" skipped="0">
  <testcase classname="pages.Contact" name="formTesting" time="0.817"/>
  <system-out/>
  <testcase classname="pages.Contact" name="validateTitle" time="0.006"/>
  <system-out/>
  <testcase classname="pages.Contact" name="formTesting" time="0.902"/>
  <system-out/>
  <testcase classname="pages.Contact" name="formTesting" time="0.013"/>
  <system-out/>
  <testcase classname="pages.Contact" name="presenceOfNavbar" time="0.038"/>
  <system-out/>
  <testcase classname="pages.Contact" name="formTesting" time="1.509"/>
  <system-out/>
</testsuite> <!-- pages.Contact -->
